<?xml version="1.0" encoding="UTF-8"?>
<testng-results total="1" passed="1" failed="0" skipped="0">
  <reporter-output>
  </reporter-output>
  <suite started-at="2023-05-26T10:13:53Z" name="Suite" finished-at="2023-05-26T10:14:02Z" duration-ms="8790">
    <groups>
    </groups>
    <test started-at="2023-05-26T10:13:53Z" name="Test" finished-at="2023-05-26T10:14:02Z" duration-ms="8790">
      <class name="com.test.TestCase1">
        <test-method is-config="true" signature="setUp()[pri:0, instance:com.test.TestCase1@345f69f3]" started-at="2023-05-26T15:43:53Z" name="setUp" finished-at="2023-05-26T15:44:01Z" duration-ms="8276" status="PASS">
          <reporter-output>
          </reporter-output>
        </test-method> <!-- setUp -->
        <test-method signature="searchNow()[pri:0, instance:com.test.TestCase1@345f69f3]" started-at="2023-05-26T15:44:01Z" name="searchNow" finished-at="2023-05-26T15:44:02Z" duration-ms="252" status="PASS">
          <reporter-output>
          </reporter-output>
        </test-method> <!-- searchNow -->
        <test-method is-config="true" signature="tearDown()[pri:0, instance:com.test.TestCase1@345f69f3]" started-at="2023-05-26T15:44:02Z" name="tearDown" finished-at="2023-05-26T15:44:02Z" duration-ms="255" status="PASS">
          <reporter-output>
          </reporter-output>
        </test-method> <!-- tearDown -->
      </class> <!-- com.test.TestCase1 -->
    </test> <!-- Test -->
  </suite> <!-- Suite -->
</testng-results>
