<?xml version="1.0" encoding="UTF-8"?>
<testng-results total="2" passed="2" failed="0" skipped="0">
  <reporter-output>
  </reporter-output>
  <suite started-at="2023-06-16T12:52:51Z" name="Default suite" finished-at="2023-06-16T12:53:46Z" duration-ms="54054">
    <groups>
    </groups>
    <test started-at="2023-06-16T12:52:51Z" name="Default test" finished-at="2023-06-16T12:53:46Z" duration-ms="54054">
      <class name="com.test.TC_1">
        <test-method signature="SuiteSetup()[pri:0, instance:com.test.TC_1@4ebff610]" started-at="2023-06-16T18:22:51Z" name="SuiteSetup" finished-at="2023-06-16T18:23:37Z" duration-ms="45617" status="PASS">
          <reporter-output>
          </reporter-output>
        </test-method> <!-- SuiteSetup -->
        <test-method signature="teardown()[pri:0, instance:com.test.TC_1@4ebff610]" started-at="2023-06-16T18:23:37Z" name="teardown" finished-at="2023-06-16T18:23:46Z" duration-ms="8419" status="PASS">
          <reporter-output>
          </reporter-output>
        </test-method> <!-- teardown -->
      </class> <!-- com.test.TC_1 -->
    </test> <!-- Default test -->
  </suite> <!-- Default suite -->
</testng-results>
