<?xml version="1.0" encoding="UTF-8"?>
<testng-results total="2" passed="2" failed="0" skipped="0">
  <reporter-output>
    <line>
      <![CDATA[Running test on edge browser]]>
    </line>
  </reporter-output>
  <suite started-at="2023-05-26T12:59:52Z" name="Suite" finished-at="2023-05-26T13:00:04Z" duration-ms="11335">
    <groups>
    </groups>
    <test started-at="2023-05-26T12:59:52Z" name="Test" finished-at="2023-05-26T13:00:04Z" duration-ms="11335">
      <class name="com.test.TestCase1">
        <test-method is-config="true" signature="setUp()[pri:0, instance:com.test.TestCase1@60129b9a]" started-at="2023-05-26T18:29:52Z" name="setUp" finished-at="2023-05-26T18:30:03Z" duration-ms="10295" status="PASS">
          <reporter-output>
            <line>
              <![CDATA[Running test on edge browser]]>
            </line>
          </reporter-output>
        </test-method> <!-- setUp -->
        <test-method signature="Login()[pri:0, instance:com.test.TestCase1@60129b9a]" started-at="2023-05-26T18:30:03Z" name="Login" finished-at="2023-05-26T18:30:03Z" duration-ms="566" status="PASS">
          <reporter-output>
          </reporter-output>
        </test-method> <!-- Login -->
        <test-method signature="searchNow()[pri:0, instance:com.test.TestCase1@60129b9a]" started-at="2023-05-26T18:30:03Z" name="searchNow" finished-at="2023-05-26T18:30:03Z" duration-ms="168" status="PASS">
          <reporter-output>
          </reporter-output>
        </test-method> <!-- searchNow -->
        <test-method is-config="true" signature="tearDown()[pri:0, instance:com.test.TestCase1@60129b9a]" started-at="2023-05-26T18:30:03Z" name="tearDown" finished-at="2023-05-26T18:30:04Z" duration-ms="297" status="PASS">
          <reporter-output>
          </reporter-output>
        </test-method> <!-- tearDown -->
      </class> <!-- com.test.TestCase1 -->
    </test> <!-- Test -->
  </suite> <!-- Suite -->
</testng-results>
